// 重构日志: 6a2bdf14
// 重构日志: 71c0f1aa
// 重构日志: 05539ebc
// 重构日志: 413facff
// 同步 ID: f0afac4d @ Sun Jul 12 08:32:53 UTC 2026
// 同步 ID: 88f93005 @ Mon Jul 13 15:08:29 UTC 2026
// 同步 ID: e4c7976a @ Tue Jul 14 03:33:50 UTC 2026
// 重构日志: d4abf56c
// 重构日志: cc4fdbd9
// 重构日志: 50f8a300
// 重构日志: 4e495715
// 同步 ID: d17f4bae @ Wed Jul 15 14:02:12 UTC 2026
// 重构日志: a1cd8435
// 同步 ID: ffae1fbf @ Thu Jul 16 07:33:27 UTC 2026
// 重构日志: d051a93b
// 同步 ID: d2d7196e @ Thu Jul 16 13:13:04 UTC 2026
// 同步 ID: 2972dc6b @ Thu Jul 16 16:00:20 UTC 2026
// 重构日志: d827390d
// 重构日志: de02ee3c
// 重构日志: ac9321ab
// 重构日志: dcea0227
// 同步 ID: bcb1bdf8 @ Sun Jul 19 12:12:45 UTC 2026
// 重构日志: 44c5dd37
// 重构日志: 77d3cbfb
// 同步 ID: efc72b30 @ Tue Jul 21 03:41:39 UTC 2026
// 重构日志: 3531e2b8
// 同步 ID: 795c3971 @ Tue Jul 21 09:51:49 UTC 2026
// 重构日志: 576abd8e
// 重构日志: b54daaef
// 同步 ID: fc6e5d07 @ Wed Jul 22 17:26:30 UTC 2026
